2025-03-27T12:00:12.889+0100 [INFO]  Terraform version: 1.11.2
2025-03-27T12:00:12.889+0100 [DEBUG] using github.com/hashicorp/go-tfe v1.70.0
2025-03-27T12:00:12.889+0100 [DEBUG] using github.com/hashicorp/hcl/v2 v2.23.0
2025-03-27T12:00:12.889+0100 [DEBUG] using github.com/hashicorp/terraform-svchost v0.1.1
2025-03-27T12:00:12.889+0100 [DEBUG] using github.com/zclconf/go-cty v1.16.0
2025-03-27T12:00:12.889+0100 [INFO]  Go runtime version: go1.23.3
2025-03-27T12:00:12.889+0100 [INFO]  CLI args: []string{"/Users/me/.asdf/installs/terraform/1.11.2/bin/terraform", "plan", "-var", "external-dns-chart-version=8.7.7", "-no-color"}
2025-03-27T12:00:12.889+0100 [DEBUG] Attempting to open CLI config file: /Users/me/.terraformrc
2025-03-27T12:00:12.889+0100 [DEBUG] File doesn't exist, but doesn't need to. Ignoring.
2025-03-27T12:00:12.889+0100 [DEBUG] ignoring non-existing provider search directory terraform.d/plugins
2025-03-27T12:00:12.889+0100 [DEBUG] ignoring non-existing provider search directory /Users/me/.terraform.d/plugins
2025-03-27T12:00:12.889+0100 [DEBUG] ignoring non-existing provider search directory /Users/me/Library/Application Support/io.terraform/plugins
2025-03-27T12:00:12.889+0100 [DEBUG] ignoring non-existing provider search directory /Library/Application Support/io.terraform/plugins
2025-03-27T12:00:12.889+0100 [INFO]  CLI command args: []string{"plan", "-var", "external-dns-chart-version=8.7.7", "-no-color"}
2025-03-27T12:00:12.918+0100 [DEBUG] checking for provisioner in "."
2025-03-27T12:00:12.918+0100 [DEBUG] checking for provisioner in "/Users/me/.asdf/installs/terraform/1.11.2/bin"
2025-03-27T12:00:12.919+0100 [INFO]  backend/local: starting Plan operation
2025-03-27T12:00:12.919+0100 [DEBUG] created provider logger: level=debug
2025-03-27T12:00:12.919+0100 [INFO]  provider: configuring client automatic mTLS
2025-03-27T12:00:12.926+0100 [DEBUG] provider: starting plugin: path=.terraform/providers/registry.terraform.io/hashicorp/helm/3.0.0-pre2/darwin_arm64/terraform-provider-helm_v3.0.0-pre2_x5 args=[".terraform/providers/registry.terraform.io/hashicorp/helm/3.0.0-pre2/darwin_arm64/terraform-provider-helm_v3.0.0-pre2_x5"]
2025-03-27T12:00:12.929+0100 [DEBUG] provider: plugin started: path=.terraform/providers/registry.terraform.io/hashicorp/helm/3.0.0-pre2/darwin_arm64/terraform-provider-helm_v3.0.0-pre2_x5 pid=6711
2025-03-27T12:00:12.929+0100 [DEBUG] provider: waiting for RPC address: plugin=.terraform/providers/registry.terraform.io/hashicorp/helm/3.0.0-pre2/darwin_arm64/terraform-provider-helm_v3.0.0-pre2_x5
2025-03-27T12:00:12.946+0100 [INFO]  provider.terraform-provider-helm_v3.0.0-pre2_x5: configuring server automatic mTLS: timestamp="2025-03-27T12:00:12.946+0100"
2025-03-27T12:00:12.952+0100 [DEBUG] provider: using plugin: version=6
2025-03-27T12:00:12.952+0100 [DEBUG] provider.terraform-provider-helm_v3.0.0-pre2_x5: plugin address: address=/var/folders/r5/f6_4n77x0wn98tvyt642klv00000gn/T/plugin2186925557 network=unix timestamp="2025-03-27T12:00:12.952+0100"
2025-03-27T12:00:12.958+0100 [DEBUG] No provider meta schema returned
2025-03-27T12:00:12.959+0100 [DEBUG] provider.stdio: received EOF, stopping recv loop: err="rpc error: code = Unavailable desc = error reading from server: EOF"
2025-03-27T12:00:12.959+0100 [INFO]  provider: plugin process exited: plugin=.terraform/providers/registry.terraform.io/hashicorp/helm/3.0.0-pre2/darwin_arm64/terraform-provider-helm_v3.0.0-pre2_x5 id=6711
2025-03-27T12:00:12.959+0100 [DEBUG] provider: plugin exited
2025-03-27T12:00:12.959+0100 [DEBUG] Building and walking validate graph
2025-03-27T12:00:12.959+0100 [DEBUG] ProviderTransformer: "helm_release.external-dns" (*terraform.NodeValidatableResource) needs provider["registry.terraform.io/hashicorp/helm"]
2025-03-27T12:00:12.960+0100 [DEBUG] ReferenceTransformer: "helm_release.external-dns" references: [var.external-dns-chart-version]
2025-03-27T12:00:12.960+0100 [DEBUG] ReferenceTransformer: "var.external-dns-chart-version" references: []
2025-03-27T12:00:12.960+0100 [DEBUG] ReferenceTransformer: "provider[\"registry.terraform.io/hashicorp/helm\"]" references: []
2025-03-27T12:00:12.960+0100 [DEBUG] Starting graph walk: walkValidate
2025-03-27T12:00:12.960+0100 [DEBUG] created provider logger: level=debug
2025-03-27T12:00:12.960+0100 [INFO]  provider: configuring client automatic mTLS
2025-03-27T12:00:12.962+0100 [DEBUG] provider: starting plugin: path=.terraform/providers/registry.terraform.io/hashicorp/helm/3.0.0-pre2/darwin_arm64/terraform-provider-helm_v3.0.0-pre2_x5 args=[".terraform/providers/registry.terraform.io/hashicorp/helm/3.0.0-pre2/darwin_arm64/terraform-provider-helm_v3.0.0-pre2_x5"]
2025-03-27T12:00:12.965+0100 [DEBUG] provider: plugin started: path=.terraform/providers/registry.terraform.io/hashicorp/helm/3.0.0-pre2/darwin_arm64/terraform-provider-helm_v3.0.0-pre2_x5 pid=6712
2025-03-27T12:00:12.965+0100 [DEBUG] provider: waiting for RPC address: plugin=.terraform/providers/registry.terraform.io/hashicorp/helm/3.0.0-pre2/darwin_arm64/terraform-provider-helm_v3.0.0-pre2_x5
2025-03-27T12:00:12.982+0100 [INFO]  provider.terraform-provider-helm_v3.0.0-pre2_x5: configuring server automatic mTLS: timestamp="2025-03-27T12:00:12.982+0100"
2025-03-27T12:00:12.988+0100 [DEBUG] provider: using plugin: version=6
2025-03-27T12:00:12.988+0100 [DEBUG] provider.terraform-provider-helm_v3.0.0-pre2_x5: plugin address: address=/var/folders/r5/f6_4n77x0wn98tvyt642klv00000gn/T/plugin4088709638 network=unix timestamp="2025-03-27T12:00:12.988+0100"
2025-03-27T12:00:12.993+0100 [DEBUG] skipping FixUpBlockAttrs
2025-03-27T12:00:12.994+0100 [DEBUG] skipping FixUpBlockAttrs
2025-03-27T12:00:12.995+0100 [DEBUG] provider.stdio: received EOF, stopping recv loop: err="rpc error: code = Unavailable desc = error reading from server: EOF"
2025-03-27T12:00:12.996+0100 [INFO]  provider: plugin process exited: plugin=.terraform/providers/registry.terraform.io/hashicorp/helm/3.0.0-pre2/darwin_arm64/terraform-provider-helm_v3.0.0-pre2_x5 id=6712
2025-03-27T12:00:12.996+0100 [DEBUG] provider: plugin exited
2025-03-27T12:00:12.996+0100 [INFO]  backend/local: plan calling Plan
2025-03-27T12:00:12.996+0100 [DEBUG] Building and walking plan graph for NormalMode
2025-03-27T12:00:12.996+0100 [DEBUG] ProviderTransformer: "helm_release.external-dns (expand)" (*terraform.nodeExpandPlannableResource) needs provider["registry.terraform.io/hashicorp/helm"]
2025-03-27T12:00:12.996+0100 [DEBUG] ReferenceTransformer: "helm_release.external-dns (expand)" references: [var.external-dns-chart-version]
2025-03-27T12:00:12.996+0100 [DEBUG] ReferenceTransformer: "var.external-dns-chart-version" references: []
2025-03-27T12:00:12.996+0100 [DEBUG] ReferenceTransformer: "provider[\"registry.terraform.io/hashicorp/helm\"]" references: []
2025-03-27T12:00:12.996+0100 [DEBUG] Starting graph walk: walkPlan
2025-03-27T12:00:12.996+0100 [DEBUG] created provider logger: level=debug
2025-03-27T12:00:12.996+0100 [INFO]  provider: configuring client automatic mTLS
2025-03-27T12:00:12.999+0100 [DEBUG] provider: starting plugin: path=.terraform/providers/registry.terraform.io/hashicorp/helm/3.0.0-pre2/darwin_arm64/terraform-provider-helm_v3.0.0-pre2_x5 args=[".terraform/providers/registry.terraform.io/hashicorp/helm/3.0.0-pre2/darwin_arm64/terraform-provider-helm_v3.0.0-pre2_x5"]
2025-03-27T12:00:13.001+0100 [DEBUG] provider: plugin started: path=.terraform/providers/registry.terraform.io/hashicorp/helm/3.0.0-pre2/darwin_arm64/terraform-provider-helm_v3.0.0-pre2_x5 pid=6713
2025-03-27T12:00:13.002+0100 [DEBUG] provider: waiting for RPC address: plugin=.terraform/providers/registry.terraform.io/hashicorp/helm/3.0.0-pre2/darwin_arm64/terraform-provider-helm_v3.0.0-pre2_x5
2025-03-27T12:00:13.019+0100 [INFO]  provider.terraform-provider-helm_v3.0.0-pre2_x5: configuring server automatic mTLS: timestamp="2025-03-27T12:00:13.019+0100"
2025-03-27T12:00:13.025+0100 [DEBUG] provider: using plugin: version=6
2025-03-27T12:00:13.025+0100 [DEBUG] provider.terraform-provider-helm_v3.0.0-pre2_x5: plugin address: address=/var/folders/r5/f6_4n77x0wn98tvyt642klv00000gn/T/plugin662073000 network=unix timestamp="2025-03-27T12:00:13.025+0100"
2025-03-27T12:00:13.030+0100 [DEBUG] skipping FixUpBlockAttrs
2025-03-27T12:00:13.031+0100 [DEBUG] provider.terraform-provider-helm_v3.0.0-pre2_x5: Config values after overrides: tf_rpc=ConfigureProvider @module=helm config="map[BurstLimit:map[] Debug:map[] Experiments:<nil> HelmDriver:map[] Kubernetes:map[] PluginsPath:map[] Registries:map[] RegistryConfigPath:map[] RepositoryCache:map[] RepositoryConfigPath:map[]]" tf_provider_addr=registry.terraform.io/hashicorp/helm tf_req_id=012668f3-ebc2-876e-6716-ef9bb208e49e @caller=github.com/hashicorp/terraform-provider-helm/helm/provider.go:465 timestamp="2025-03-27T12:00:13.031+0100"
2025-03-27T12:00:13.031+0100 [DEBUG] provider.terraform-provider-helm_v3.0.0-pre2_x5: Helm settings initialized: tf_provider_addr=registry.terraform.io/hashicorp/helm tf_req_id=012668f3-ebc2-876e-6716-ef9bb208e49e @caller=github.com/hashicorp/terraform-provider-helm/helm/provider.go:483 @module=helm settings="map[BurstLimit:100 Debug:false KubeAPIServer: KubeAsGroups:<nil> KubeAsUser: KubeCaFile: KubeConfig: KubeContext: KubeInsecureSkipTLSVerify:false KubeTLSServerName: KubeToken: MaxHistory:10 PluginsDirectory:/Users/me/Library/helm/plugins QPS:0 RegistryConfig:/Users/me/.config/helm/registry/config.json RepositoryCache:/Users/me/Library/Caches/helm/repository RepositoryConfig:/Users/me/.config/helm/repositories.yaml]" tf_rpc=ConfigureProvider timestamp="2025-03-27T12:00:13.031+0100"
2025-03-27T12:00:13.032+0100 [DEBUG] provider.terraform-provider-helm_v3.0.0-pre2_x5: Configure method completed successfully: tf_provider_addr=registry.terraform.io/hashicorp/helm tf_req_id=012668f3-ebc2-876e-6716-ef9bb208e49e tf_rpc=ConfigureProvider @caller=github.com/hashicorp/terraform-provider-helm/helm/provider.go:612 @module=helm timestamp="2025-03-27T12:00:13.031+0100"
2025-03-27T12:00:13.032+0100 [DEBUG] Resource instance state not found for node "helm_release.external-dns", instance helm_release.external-dns
2025-03-27T12:00:13.032+0100 [DEBUG] ReferenceTransformer: "helm_release.external-dns" references: []
2025-03-27T12:00:13.032+0100 [DEBUG] refresh: helm_release.external-dns: no state, so not refreshing
2025-03-27T12:00:13.032+0100 [DEBUG] skipping FixUpBlockAttrs
2025-03-27T12:00:13.033+0100 [DEBUG] provider.terraform-provider-helm_v3.0.0-pre2_x5: Configured meta: &{providerData:<nil> Data:0x140001b89a0 Settings:0x14000827e60 RegistryClient:0x1400012f0e0 HelmDriver: Experiments:map[manifest:false] Mutex:{_:{} mu:{state:0 sema:0}}}: @module=helm tf_provider_addr=registry.terraform.io/hashicorp/helm tf_req_id=b43b982b-2f32-e49d-45d7-08bf5d02cd4f tf_rpc=ValidateResourceConfig @caller=github.com/hashicorp/terraform-provider-helm/helm/resource_helm_release.go:639 tf_resource_type=helm_release timestamp="2025-03-27T12:00:13.033+0100"
2025-03-27T12:00:13.034+0100 [DEBUG] provider.terraform-provider-helm_v3.0.0-pre2_x5: Configured meta: &{providerData:<nil> Data:0x140001b89a0 Settings:0x14000827e60 RegistryClient:0x1400012f0e0 HelmDriver: Experiments:map[manifest:false] Mutex:{_:{} mu:{state:0 sema:0}}}: tf_req_id=dcff34c9-8852-aa5e-d75b-2fdd7391d83d tf_rpc=PlanResourceChange @caller=github.com/hashicorp/terraform-provider-helm/helm/resource_helm_release.go:639 @module=helm tf_provider_addr=registry.terraform.io/hashicorp/helm tf_resource_type=helm_release timestamp="2025-03-27T12:00:13.034+0100"
2025-03-27T12:00:13.035+0100 [DEBUG] provider.terraform-provider-helm_v3.0.0-pre2_x5: Marking Computed attributes with null configuration values as unknown (known after apply) in the plan to prevent potential Terraform errors: @caller=github.com/hashicorp/terraform-plugin-framework@v1.14.1/internal/fwserver/server_planresourcechange.go:229 @module=sdk.framework tf_provider_addr=registry.terraform.io/hashicorp/helm tf_resource_type=helm_release tf_req_id=dcff34c9-8852-aa5e-d75b-2fdd7391d83d tf_rpc=PlanResourceChange timestamp="2025-03-27T12:00:13.035+0100"
2025-03-27T12:00:13.035+0100 [DEBUG] provider.terraform-provider-helm_v3.0.0-pre2_x5: marking computed attribute that is null in the config as unknown: tf_req_id=dcff34c9-8852-aa5e-d75b-2fdd7391d83d tf_rpc=PlanResourceChange @caller=github.com/hashicorp/terraform-plugin-framework@v1.14.1/internal/fwserver/server_planresourcechange.go:480 @module=sdk.framework tf_provider_addr=registry.terraform.io/hashicorp/helm tf_resource_type=helm_release tf_attribute_path="AttributeName(\"manifest\")" timestamp="2025-03-27T12:00:13.035+0100"
2025-03-27T12:00:13.035+0100 [DEBUG] provider.terraform-provider-helm_v3.0.0-pre2_x5: marking computed attribute that is null in the config as unknown: tf_attribute_path="AttributeName(\"id\")" tf_rpc=PlanResourceChange tf_resource_type=helm_release @caller=github.com/hashicorp/terraform-plugin-framework@v1.14.1/internal/fwserver/server_planresourcechange.go:480 @module=sdk.framework tf_provider_addr=registry.terraform.io/hashicorp/helm tf_req_id=dcff34c9-8852-aa5e-d75b-2fdd7391d83d timestamp="2025-03-27T12:00:13.035+0100"
2025-03-27T12:00:13.035+0100 [DEBUG] provider.terraform-provider-helm_v3.0.0-pre2_x5: marking computed attribute that is null in the config as unknown: tf_attribute_path="AttributeName(\"metadata\")" tf_req_id=dcff34c9-8852-aa5e-d75b-2fdd7391d83d tf_resource_type=helm_release tf_rpc=PlanResourceChange @caller=github.com/hashicorp/terraform-plugin-framework@v1.14.1/internal/fwserver/server_planresourcechange.go:480 @module=sdk.framework tf_provider_addr=registry.terraform.io/hashicorp/helm timestamp="2025-03-27T12:00:13.035+0100"
2025-03-27T12:00:13.035+0100 [DEBUG] provider.terraform-provider-helm_v3.0.0-pre2_x5: marking computed attribute that is null in the config as unknown: @module=sdk.framework tf_attribute_path="AttributeName(\"status\")" tf_req_id=dcff34c9-8852-aa5e-d75b-2fdd7391d83d tf_rpc=PlanResourceChange @caller=github.com/hashicorp/terraform-plugin-framework@v1.14.1/internal/fwserver/server_planresourcechange.go:480 tf_provider_addr=registry.terraform.io/hashicorp/helm tf_resource_type=helm_release timestamp="2025-03-27T12:00:13.035+0100"
2025-03-27T12:00:13.037+0100 [DEBUG] provider.terraform-provider-helm_v3.0.0-pre2_x5: Plan state on ModifyPlan: {Atomic:false Chart:"external-dns" CleanupOnFail:false CreateNamespace:false DependencyUpdate:false Description:<null> Devel:<null> DisableCrdHooks:false DisableOpenapiValidation:false DisableWebhooks:false ForceUpdate:false ID:<unknown> Keyring:<null> Lint:false Manifest:<unknown> MaxHistory:0 Metadata:<unknown> Name:"external-dns" Namespace:"default" PassCredentials:false PostRender:<nil> RecreatePods:false Replace:false RenderSubchartNotes:true Repository:"https://charts.bitnami.com/bitnami" RepositoryCaFile:<null> RepositoryCertFile:<null> RepositoryKeyFile:<null> RepositoryPassword:<null> RepositoryUsername:<null> ResetValues:false ReuseValues:false SetWO:<null> SetWORevision:<null> Set:<null> SetList:<null> SetSensitive:<null> SkipCrds:false Status:<unknown> Timeout:300 Values:<null> Verify:false Version:"8.7.7" Wait:true WaitForJobs:false}: tf_req_id=dcff34c9-8852-aa5e-d75b-2fdd7391d83d tf_resource_type=helm_release @caller=github.com/hashicorp/terraform-provider-helm/helm/resource_helm_release.go:1690 @module=helm tf_provider_addr=registry.terraform.io/hashicorp/helm tf_rpc=PlanResourceChange timestamp="2025-03-27T12:00:13.037+0100"
2025-03-27T12:00:13.037+0100 [DEBUG] provider.terraform-provider-helm_v3.0.0-pre2_x5: Actual state on ModifyPlan: <nil>: @module=helm tf_resource_type=helm_release tf_rpc=PlanResourceChange @caller=github.com/hashicorp/terraform-provider-helm/helm/resource_helm_release.go:1691 tf_provider_addr=registry.terraform.io/hashicorp/helm tf_req_id=dcff34c9-8852-aa5e-d75b-2fdd7391d83d timestamp="2025-03-27T12:00:13.037+0100"
2025-03-27T12:00:13.037+0100 [DEBUG] provider.terraform-provider-helm_v3.0.0-pre2_x5: [resourceDiff: external-dns] Start: @module=helm tf_rpc=PlanResourceChange tf_req_id=dcff34c9-8852-aa5e-d75b-2fdd7391d83d tf_resource_type=helm_release @caller=github.com/hashicorp/terraform-provider-helm/helm/resource_helm_release.go:1694 tf_provider_addr=registry.terraform.io/hashicorp/helm timestamp="2025-03-27T12:00:13.037+0100"
2025-03-27T12:00:13.037+0100 [DEBUG] provider.terraform-provider-helm_v3.0.0-pre2_x5: Raw Kubernetes Data before conversion: @caller=github.com/hashicorp/terraform-provider-helm/helm/kubeconfig.go:87 @module=helm KubernetesData=map[] tf_provider_addr=registry.terraform.io/hashicorp/helm tf_req_id=dcff34c9-8852-aa5e-d75b-2fdd7391d83d tf_resource_type=helm_release tf_rpc=PlanResourceChange timestamp="2025-03-27T12:00:13.037+0100"
2025-03-27T12:00:13.037+0100 [DEBUG] provider.terraform-provider-helm_v3.0.0-pre2_x5: Initial configPaths: @caller=github.com/hashicorp/terraform-provider-helm/helm/kubeconfig.go:116 tf_req_id=dcff34c9-8852-aa5e-d75b-2fdd7391d83d tf_rpc=PlanResourceChange tf_provider_addr=registry.terraform.io/hashicorp/helm tf_resource_type=helm_release @module=helm configPaths=[~/.kube/config] timestamp="2025-03-27T12:00:13.037+0100"
2025-03-27T12:00:13.037+0100 [INFO]  provider.terraform-provider-helm_v3.0.0-pre2_x5: Successfully initialized kubernetes config: tf_req_id=dcff34c9-8852-aa5e-d75b-2fdd7391d83d tf_resource_type=helm_release tf_rpc=PlanResourceChange @caller=github.com/hashicorp/terraform-provider-helm/helm/kubeconfig.go:222 @module=helm tf_provider_addr=registry.terraform.io/hashicorp/helm timestamp="2025-03-27T12:00:13.037+0100"
2025-03-27T12:00:13.037+0100 [DEBUG] provider.terraform-provider-helm_v3.0.0-pre2_x5: [resourceDiff: external-dns] Initial Values: Name=external-dns, Namespace=default, Repository=https://charts.bitnami.com/bitnami, Repository_Username=, Repository_Password=, Chart=external-dns: tf_rpc=PlanResourceChange tf_req_id=dcff34c9-8852-aa5e-d75b-2fdd7391d83d tf_resource_type=helm_release @caller=github.com/hashicorp/terraform-provider-helm/helm/resource_helm_release.go:1705 @module=helm tf_provider_addr=registry.terraform.io/hashicorp/helm timestamp="2025-03-27T12:00:13.037+0100"
2025-03-27T12:00:13.037+0100 [DEBUG] provider.terraform-provider-helm_v3.0.0-pre2_x5: [resourceDiff: external-dns] Metadata has changes, setting to unknown: tf_provider_addr=registry.terraform.io/hashicorp/helm tf_req_id=dcff34c9-8852-aa5e-d75b-2fdd7391d83d @caller=github.com/hashicorp/terraform-provider-helm/helm/resource_helm_release.go:1722 tf_rpc=PlanResourceChange @module=helm tf_resource_type=helm_release timestamp="2025-03-27T12:00:13.037+0100"
2025-03-27T12:00:13.038+0100 [DEBUG] provider.terraform-provider-helm_v3.0.0-pre2_x5: Helm settings: &{namespace: config:0x14000832000 KubeConfig: KubeContext: KubeToken: KubeAsUser: KubeAsGroups:[] KubeAPIServer: KubeCaFile: KubeInsecureSkipTLSVerify:false KubeTLSServerName: Debug:false RegistryConfig:/Users/me/.config/helm/registry/config.json RepositoryConfig:/Users/me/.config/helm/repositories.yaml RepositoryCache:/Users/me/Library/Caches/helm/repository PluginsDirectory:/Users/me/Library/helm/plugins MaxHistory:10 BurstLimit:100 QPS:0}: tf_provider_addr=registry.terraform.io/hashicorp/helm tf_req_id=dcff34c9-8852-aa5e-d75b-2fdd7391d83d @caller=github.com/hashicorp/terraform-provider-helm/helm/resource_helm_release.go:1208 @module=helm tf_resource_type=helm_release tf_rpc=PlanResourceChange timestamp="2025-03-27T12:00:13.038+0100"
2025-03-27T12:00:15.662+0100 [ERROR] provider.terraform-provider-helm_v3.0.0-pre2_x5: Response contains error diagnostic: @module=sdk.proto diagnostic_severity=ERROR tf_proto_version=6.8 tf_provider_addr=registry.terraform.io/hashicorp/helm tf_resource_type=helm_release tf_rpc=PlanResourceChange @caller=github.com/hashicorp/terraform-plugin-go@v0.26.0/tfprotov6/internal/diag/diagnostics.go:58 diagnostic_detail="Unable to locate chart external-dns: invalid_reference: invalid tag" diagnostic_summary="Error locating chart" tf_req_id=dcff34c9-8852-aa5e-d75b-2fdd7391d83d timestamp="2025-03-27T12:00:15.662+0100"
2025-03-27T12:00:15.663+0100 [ERROR] vertex "helm_release.external-dns" error: Error locating chart
2025-03-27T12:00:15.663+0100 [ERROR] vertex "helm_release.external-dns (expand)" error: Error locating chart
2025-03-27T12:00:15.663+0100 [WARN]  Planning encountered errors, so plan is not applyable
2025-03-27T12:00:15.663+0100 [INFO]  backend/local: plan operation completed
2025-03-27T12:00:15.665+0100 [DEBUG] provider.stdio: received EOF, stopping recv loop: err="rpc error: code = Unavailable desc = error reading from server: EOF"
2025-03-27T12:00:15.674+0100 [INFO]  provider: plugin process exited: plugin=.terraform/providers/registry.terraform.io/hashicorp/helm/3.0.0-pre2/darwin_arm64/terraform-provider-helm_v3.0.0-pre2_x5 id=6713
2025-03-27T12:00:15.674+0100 [DEBUG] provider: plugin exited
